INFO:root:2021-09-30 20:20:01.982312 >>Home monitor gestart.
INFO:root:2021-09-30 20:20:01.983269 >> InfluxClient has succesfull been created
INFO:root:2021-09-30 20:20:01.983437 >> CoinCollector has succesfull been created
ERROR:root:2021-09-30 20:20:02.108617 >>Influxdb is down
INFO:root:2021-09-30 20:28:14.044139 >>Home monitor gestart.
INFO:root:2021-09-30 20:28:14.045164 >> InfluxClient has succesfull been created
INFO:root:2021-09-30 20:28:14.045374 >> CoinCollector has succesfull been created
INFO:root:2021-09-30 20:29:42.258472 >>Home monitor gestart.
INFO:root:2021-09-30 20:29:42.259463 >> InfluxClient has succesfull been created
INFO:root:2021-09-30 20:29:42.259649 >> CoinCollector has succesfull been created
INFO:root:2021-09-30 20:31:02.711975 >>Home monitor gestart.
INFO:root:2021-09-30 20:31:02.712951 >> InfluxClient has succesfull been created
INFO:root:2021-09-30 20:31:02.713134 >> CoinCollector has succesfull been created
INFO:root:2021-09-30 20:32:09.567604 >>Home monitor gestart.
INFO:root:2021-09-30 20:32:09.568566 >> InfluxClient has succesfull been created
INFO:root:2021-09-30 20:32:09.568740 >> CoinCollector has succesfull been created
INFO:root:2021-09-30 20:35:07.424989 >>Home monitor gestart.
INFO:root:2021-09-30 20:35:07.425963 >> InfluxClient has succesfull been created
INFO:root:2021-09-30 20:35:07.426135 >> CoinCollector has succesfull been created
INFO:root:2021-09-30 20:36:26.068818 >>Home monitor gestart.
INFO:root:2021-09-30 20:36:26.069784 >> InfluxClient has succesfull been created
INFO:root:2021-09-30 20:36:26.069958 >> CoinCollector has succesfull been created
INFO:root:2021-09-30 20:39:05.526403 >>Home monitor gestart.
INFO:root:2021-09-30 20:39:05.527357 >> InfluxClient has succesfull been created
INFO:root:2021-09-30 20:39:05.527561 >> CoinCollector has succesfull been created
ERROR:root:2021-09-30 20:39:05.619691 >> Er is iets fout gegaan met het ophalen van gegevens uit de Smile.
INFO:root:2021-09-30 20:39:45.390676 >>Home monitor gestart.
INFO:root:2021-09-30 20:39:45.391623 >> InfluxClient has succesfull been created
INFO:root:2021-09-30 20:39:45.391845 >> CoinCollector has succesfull been created
INFO:root:2021-09-30 20:41:28.099180 >>Home monitor gestart.
INFO:root:2021-09-30 20:41:28.100190 >> InfluxClient has succesfull been created
INFO:root:2021-09-30 20:41:28.100411 >> CoinCollector has succesfull been created
INFO:root:2021-09-30 20:43:33.989138 >>Home monitor gestart.
INFO:root:2021-09-30 20:43:33.990142 >> InfluxClient has succesfull been created
INFO:root:2021-09-30 20:43:33.990379 >> CoinCollector has succesfull been created
INFO:root:2021-09-30 20:44:21.474751 >>Home monitor gestart.
INFO:root:2021-09-30 20:44:21.475785 >> InfluxClient has succesfull been created
INFO:root:2021-09-30 20:44:21.476005 >> CoinCollector has succesfull been created
INFO:root:2021-09-30 20:47:24.845786 >>Home monitor gestart.
INFO:root:2021-09-30 20:47:24.846081 >> InfluxClient has succesfull been created
INFO:root:2021-09-30 20:47:24.846160 >> CoinCollector has succesfull been created
